<?xml version="1.0" encoding="UTF-8"?>
<testsuite xmlns:xsi="http://www.w3.org/2001/XMLSchema-instance" xsi:noNamespaceSchemaLocation="https://maven.apache.org/surefire/maven-surefire-plugin/xsd/surefire-test-report.xsd" name="TestSuite" time="26.152" tests="7" errors="0" skipped="0" failures="0">
  <properties>
    <property name="java.specification.version" value="14"/>
    <property name="sun.cpu.isalist" value="amd64"/>
    <property name="sun.jnu.encoding" value="Cp1252"/>
    <property name="java.class.path" value="C:\Users\sunpr\Workwolf\Assignment1\target\test-classes;C:\Users\sunpr\Workwolf\Assignment1\target\classes;C:\Users\sunpr\.m2\repository\commons-io\commons-io\2.9.0\commons-io-2.9.0.jar;C:\Users\sunpr\.m2\repository\org\testng\testng\7.4.0\testng-7.4.0.jar;C:\Users\sunpr\.m2\repository\com\beust\jcommander\1.78\jcommander-1.78.jar;C:\Users\sunpr\.m2\repository\org\webjars\jquery\3.5.1\jquery-3.5.1.jar;C:\Users\sunpr\.m2\repository\com\aventstack\extentreports\5.0.8\extentreports-5.0.8.jar;C:\Users\sunpr\.m2\repository\io\reactivex\rxjava3\rxjava\3.0.4\rxjava-3.0.4.jar;C:\Users\sunpr\.m2\repository\org\reactivestreams\reactive-streams\1.0.3\reactive-streams-1.0.3.jar;C:\Users\sunpr\.m2\repository\org\freemarker\freemarker\2.3.30\freemarker-2.3.30.jar;C:\Users\sunpr\.m2\repository\org\projectlombok\lombok\1.18.12\lombok-1.18.12.jar;C:\Users\sunpr\.m2\repository\com\google\code\gson\gson\2.8.6\gson-2.8.6.jar;C:\Users\sunpr\.m2\repository\com\microsoft\playwright\playwright\1.11.1\playwright-1.11.1.jar;C:\Users\sunpr\.m2\repository\org\java-websocket\Java-WebSocket\1.5.1\Java-WebSocket-1.5.1.jar;C:\Users\sunpr\.m2\repository\org\slf4j\slf4j-api\1.7.25\slf4j-api-1.7.25.jar;C:\Users\sunpr\.m2\repository\com\microsoft\playwright\driver\1.11.1\driver-1.11.1.jar;C:\Users\sunpr\.m2\repository\com\microsoft\playwright\driver-bundle\1.11.1\driver-bundle-1.11.1.jar;"/>
    <property name="java.vm.vendor" value="Oracle Corporation"/>
    <property name="sun.arch.data.model" value="64"/>
    <property name="user.variant" value=""/>
    <property name="java.vendor.url" value="https://java.oracle.com/"/>
    <property name="user.timezone" value="America/Toronto"/>
    <property name="os.name" value="Windows 10"/>
    <property name="java.vm.specification.version" value="14"/>
    <property name="sun.java.launcher" value="SUN_STANDARD"/>
    <property name="user.country" value="CA"/>
    <property name="sun.boot.library.path" value="C:\Program Files\Java\jdk-14.0.1\bin"/>
    <property name="sun.java.command" value="C:\Users\sunpr\AppData\Local\Temp\surefire10886964427065435043\surefirebooter9036025252815503079.jar C:\Users\sunpr\AppData\Local\Temp\surefire10886964427065435043 2021-06-09T21-36-48_274-jvmRun1 surefire16339553797600960089tmp surefire_013354223209341897274tmp"/>
    <property name="jdk.debug" value="release"/>
    <property name="surefire.test.class.path" value="C:\Users\sunpr\Workwolf\Assignment1\target\test-classes;C:\Users\sunpr\Workwolf\Assignment1\target\classes;C:\Users\sunpr\.m2\repository\commons-io\commons-io\2.9.0\commons-io-2.9.0.jar;C:\Users\sunpr\.m2\repository\org\testng\testng\7.4.0\testng-7.4.0.jar;C:\Users\sunpr\.m2\repository\com\beust\jcommander\1.78\jcommander-1.78.jar;C:\Users\sunpr\.m2\repository\org\webjars\jquery\3.5.1\jquery-3.5.1.jar;C:\Users\sunpr\.m2\repository\com\aventstack\extentreports\5.0.8\extentreports-5.0.8.jar;C:\Users\sunpr\.m2\repository\io\reactivex\rxjava3\rxjava\3.0.4\rxjava-3.0.4.jar;C:\Users\sunpr\.m2\repository\org\reactivestreams\reactive-streams\1.0.3\reactive-streams-1.0.3.jar;C:\Users\sunpr\.m2\repository\org\freemarker\freemarker\2.3.30\freemarker-2.3.30.jar;C:\Users\sunpr\.m2\repository\org\projectlombok\lombok\1.18.12\lombok-1.18.12.jar;C:\Users\sunpr\.m2\repository\com\google\code\gson\gson\2.8.6\gson-2.8.6.jar;C:\Users\sunpr\.m2\repository\com\microsoft\playwright\playwright\1.11.1\playwright-1.11.1.jar;C:\Users\sunpr\.m2\repository\org\java-websocket\Java-WebSocket\1.5.1\Java-WebSocket-1.5.1.jar;C:\Users\sunpr\.m2\repository\org\slf4j\slf4j-api\1.7.25\slf4j-api-1.7.25.jar;C:\Users\sunpr\.m2\repository\com\microsoft\playwright\driver\1.11.1\driver-1.11.1.jar;C:\Users\sunpr\.m2\repository\com\microsoft\playwright\driver-bundle\1.11.1\driver-bundle-1.11.1.jar;"/>
    <property name="sun.cpu.endian" value="little"/>
    <property name="user.home" value="C:\Users\sunpr"/>
    <property name="user.language" value="en"/>
    <property name="java.specification.vendor" value="Oracle Corporation"/>
    <property name="java.version.date" value="2020-04-14"/>
    <property name="java.home" value="C:\Program Files\Java\jdk-14.0.1"/>
    <property name="file.separator" value="\"/>
    <property name="basedir" value="C:\Users\sunpr\Workwolf\Assignment1"/>
    <property name="java.vm.compressedOopsMode" value="32-bit"/>
    <property name="line.separator" value="&#10;"/>
    <property name="java.vm.specification.vendor" value="Oracle Corporation"/>
    <property name="java.specification.name" value="Java Platform API Specification"/>
    <property name="surefire.real.class.path" value="C:\Users\sunpr\AppData\Local\Temp\surefire10886964427065435043\surefirebooter9036025252815503079.jar"/>
    <property name="user.script" value=""/>
    <property name="sun.management.compiler" value="HotSpot 64-Bit Tiered Compilers"/>
    <property name="java.runtime.version" value="14.0.1+7"/>
    <property name="user.name" value="sunpr"/>
    <property name="path.separator" value=";"/>
    <property name="os.version" value="10.0"/>
    <property name="java.runtime.name" value="Java(TM) SE Runtime Environment"/>
    <property name="file.encoding" value="Cp1252"/>
    <property name="java.vm.name" value="Java HotSpot(TM) 64-Bit Server VM"/>
    <property name="localRepository" value="C:\Users\sunpr\.m2\repository"/>
    <property name="java.vendor.url.bug" value="https://bugreport.java.com/bugreport/"/>
    <property name="java.io.tmpdir" value="C:\Users\sunpr\AppData\Local\Temp\"/>
    <property name="java.version" value="14.0.1"/>
    <property name="user.dir" value="C:\Users\sunpr\Workwolf\Assignment1"/>
    <property name="os.arch" value="amd64"/>
    <property name="java.vm.specification.name" value="Java Virtual Machine Specification"/>
    <property name="sun.os.patch.level" value=""/>
    <property name="java.library.path" value="C:\Program Files\Java\jdk-14.0.1\bin;C:\Windows\Sun\Java\bin;C:\Windows\system32;C:\Windows;C:\Python39\Scripts\;C:\Python39\;C:\Program Files\Common Files\Oracle\Java\javapath;C:\Windows\system32;C:\Windows;C:\Windows\System32\Wbem;C:\Windows\System32\WindowsPowerShell\v1.0\;C:\Windows\System32\OpenSSH\;C:\Program Files\Java\jdk-14.0.1\bin;C:\AutomationTesting\apache-maven-3.6.3\bin;C:\Program Files\Java\jdk-11.0.10\bin;C:\Program Files\Git\cmd;C:\Program Files (x86)\nodejs\;C:\ProgramData\chocolatey\bin;C:\Program Files\MySQL\MySQL Shell 8.0\bin\;C:\Users\sunpr\AppData\Local\Microsoft\WindowsApps;;C:\Users\sunpr\AppData\Roaming\npm;C:\Users\sunpr\AppData\Local\Programs\Microsoft VS Code\bin;C:\Program Files\JetBrains\IntelliJ IDEA 2021.1.2\bin;;."/>
    <property name="java.vm.info" value="mixed mode, sharing"/>
    <property name="java.vendor" value="Oracle Corporation"/>
    <property name="java.vm.version" value="14.0.1+7"/>
    <property name="sun.io.unicode.encoding" value="UnicodeLittle"/>
    <property name="java.class.version" value="58.0"/>
  </properties>
  <testcase name="businessLogin" classname="Workwolf.Assignment1TestCases.WebPageTest" time="6.369"/>
  <testcase name="contactUs" classname="Workwolf.Assignment1TestCases.WebPageTest" time="1.674"/>
  <testcase name="invalidLogin" classname="Workwolf.Assignment1TestCases.WebPageTest" time="1.139"/>
  <testcase name="pageNavigation" classname="Workwolf.Assignment1TestCases.WebPageTest" time="1.184"/>
  <testcase name="privacy" classname="Workwolf.Assignment1TestCases.WebPageTest" time="1.155"/>
  <testcase name="terms" classname="Workwolf.Assignment1TestCases.WebPageTest" time="1.041"/>
  <testcase name="validLogin" classname="Workwolf.Assignment1TestCases.WebPageTest" time="1.654"/>
</testsuite>