<?xml version="1.0" encoding="UTF-8"?>
<!-- Generated by org.testng.reporters.JUnitReportReporter -->
<testsuite hostname="DESKTOP-RHUCOCC" failures="0" tests="1" name="Workwolf.Assignment1TestCases.testCase1" time="1.067" errors="0" timestamp="2021-06-07T14:34:39 EDT" skipped="0">
  <testcase classname="Workwolf.Assignment1TestCases.testCase1" name="loginData" time="1.067"/>
  <system-out/>
</testsuite> <!-- Workwolf.Assignment1TestCases.testCase1 -->
