<?xml version="1.0" encoding="UTF-8"?>
<!-- Generated by org.testng.reporters.JUnitReportReporter -->
<testsuite hostname="DESKTOP-RHUCOCC" failures="0" tests="7" name="Workwolf.Assignment1TestCases.WebPageTest" time="12.100" errors="0" timestamp="2021-06-09T21:06:43 EDT" skipped="0">
  <testcase classname="Workwolf.Assignment1TestCases.WebPageTest" name="contactUs" time="1.318"/>
  <system-out/>
  <testcase classname="Workwolf.Assignment1TestCases.WebPageTest" name="invalidLogin" time="0.918"/>
  <system-out/>
  <testcase classname="Workwolf.Assignment1TestCases.WebPageTest" name="pageNavigation" time="0.877"/>
  <system-out/>
  <testcase classname="Workwolf.Assignment1TestCases.WebPageTest" name="validLogin" time="1.428"/>
  <system-out/>
  <testcase classname="Workwolf.Assignment1TestCases.WebPageTest" name="businessLogin" time="5.629"/>
  <system-out/>
  <testcase classname="Workwolf.Assignment1TestCases.WebPageTest" name="privacy" time="0.953"/>
  <system-out/>
  <testcase classname="Workwolf.Assignment1TestCases.WebPageTest" name="terms" time="0.977"/>
  <system-out/>
</testsuite> <!-- Workwolf.Assignment1TestCases.WebPageTest -->
