<?xml version="1.0" encoding="UTF-8"?>
<!-- Generated by org.testng.reporters.JUnitReportReporter -->
<testsuite hostname="DESKTOP-RHUCOCC" failures="0" tests="7" name="Workwolf.Assignment1TestCases.WebPageTest" time="16.632" errors="0" timestamp="2021-06-08T18:34:14 EDT" skipped="0">
  <testcase classname="Workwolf.Assignment1TestCases.WebPageTest" name="privacy" time="1.151"/>
  <system-out/>
  <testcase classname="Workwolf.Assignment1TestCases.WebPageTest" name="validLogin" time="1.690"/>
  <system-out/>
  <testcase classname="Workwolf.Assignment1TestCases.WebPageTest" name="businessLogin" time="8.593"/>
  <system-out/>
  <testcase classname="Workwolf.Assignment1TestCases.WebPageTest" name="invalidLogin" time="1.141"/>
  <system-out/>
  <testcase classname="Workwolf.Assignment1TestCases.WebPageTest" name="pageNavigation" time="1.213"/>
  <system-out/>
  <testcase classname="Workwolf.Assignment1TestCases.WebPageTest" name="contactUs" time="1.778"/>
  <system-out/>
  <testcase classname="Workwolf.Assignment1TestCases.WebPageTest" name="terms" time="1.066"/>
  <system-out/>
</testsuite> <!-- Workwolf.Assignment1TestCases.WebPageTest -->
