<?xml version="1.0" encoding="UTF-8"?>
<!-- Generated by org.testng.reporters.JUnitReportReporter -->
<testsuite hostname="DESKTOP-RHUCOCC" failures="0" tests="7" name="Workwolf.Assignment1TestCases.WebPageTest" time="14.212" errors="0" timestamp="2021-06-09T21:37:16 EDT" skipped="0">
  <testcase classname="Workwolf.Assignment1TestCases.WebPageTest" name="pageNavigation" time="1.183"/>
  <system-out/>
  <testcase classname="Workwolf.Assignment1TestCases.WebPageTest" name="businessLogin" time="6.367"/>
  <system-out/>
  <testcase classname="Workwolf.Assignment1TestCases.WebPageTest" name="invalidLogin" time="1.139"/>
  <system-out/>
  <testcase classname="Workwolf.Assignment1TestCases.WebPageTest" name="validLogin" time="1.653"/>
  <system-out/>
  <testcase classname="Workwolf.Assignment1TestCases.WebPageTest" name="privacy" time="1.153"/>
  <system-out/>
  <testcase classname="Workwolf.Assignment1TestCases.WebPageTest" name="terms" time="1.041"/>
  <system-out/>
  <testcase classname="Workwolf.Assignment1TestCases.WebPageTest" name="contactUs" time="1.676"/>
  <system-out/>
</testsuite> <!-- Workwolf.Assignment1TestCases.WebPageTest -->
