<?xml version="1.0" encoding="UTF-8"?>
<!-- Generated by org.testng.reporters.JUnitReportReporter -->
<testsuite hostname="DESKTOP-RHUCOCC" failures="0" tests="7" name="Workwolf.Assignment1TestCases.WebPageTest" time="11.934" errors="0" timestamp="2021-06-08T10:50:02 EDT" skipped="0">
  <testcase classname="Workwolf.Assignment1TestCases.WebPageTest" name="invalidLogin" time="0.838"/>
  <system-out/>
  <testcase classname="Workwolf.Assignment1TestCases.WebPageTest" name="pageNavigation" time="1.030"/>
  <system-out/>
  <testcase classname="Workwolf.Assignment1TestCases.WebPageTest" name="privacy" time="0.988"/>
  <system-out/>
  <testcase classname="Workwolf.Assignment1TestCases.WebPageTest" name="validLogin" time="1.319"/>
  <system-out/>
  <testcase classname="Workwolf.Assignment1TestCases.WebPageTest" name="terms" time="0.860"/>
  <system-out/>
  <testcase classname="Workwolf.Assignment1TestCases.WebPageTest" name="businessLogin" time="5.515"/>
  <system-out/>
  <testcase classname="Workwolf.Assignment1TestCases.WebPageTest" name="contactUs" time="1.384"/>
  <system-out/>
</testsuite> <!-- Workwolf.Assignment1TestCases.WebPageTest -->
